Retreiving after 2018-02-05 14:41:00 with id 435364
Retreiving after 2018-02-05 14:41:00 with id 435364
Retreiving after 2018-02-05 14:41:00 with id 435364
Retreiving after 2018-02-05 14:41:00 with id 435364
Retreiving after 2018-02-05 14:41:00 with id 435364
Retreiving after 2018-02-07 07:27:45 with id 499359
Retreiving after 2018-02-07 07:44:00 with id 499636
Retreiving after 2018-02-07 07:57:13 with id 499745
Retreiving after 2018-02-07 08:19:00 with id 500025
Retreiving after 2018-02-07 08:19:00 with id 500025
Retreiving after 2018-02-08 10:58:00 with id 538095
Retreiving after 2018-02-08 10:58:00 with id 538095
Retreiving after 2018-02-08 14:43:00 with id 545144
Retreiving after 2018-02-08 15:13:32 with id 546417
Retreiving after 2018-02-09 07:42:33 with id 573555
Retreiving after 2018-02-09 11:15:00 with id 578086
Retreiving after 2018-02-09 13:17:04 with id 582029
Retreiving after 2018-02-11 09:44:58 with id 627689
Retreiving after 2018-02-12 06:59:37 with id 641935
Retreiving after 2018-02-12 08:09:57 with id 642822
Retreiving after 2018-02-12 09:04:00 with id 643816
Retreiving after 2018-02-12 11:28:00 with id 647429
Retreiving after 2018-02-12 11:41:00 with id 647834
Retreiving after 2018-02-12 12:14:41 with id 648811
Retreiving after 2017-10-26 18:21:17 with id : Retreiving after 2018-02-13 16:22:56 with id : Nothing new
Retreiving after 2018-02-10 16:24:43 with id : 497 added
Retreiving after 2018-02-13 13:19:03 with id 688984: 36 added
Retreiving after 2018-02-13 13:19:03 with id 688984: 36 added
Retreiving after 2018-02-13 13:19:03 with id 688984: 36 added
Retreiving after 2018-02-13 13:19:03 with id 688984: 37 added
Retreiving after 2018-02-13 13:19:03 with id 688984: 37 added
Retreiving after 2018-02-13 13:19:03 with id 688984: 37 added
Retreiving after 2018-02-13 13:19:03 with id 688984: 39 added
Retreiving after 2018-02-13 13:19:03 with id 688984: 39 added
Retreiving after 2018-02-13 13:19:03 with id 688984: 39 added
Retreiving after 2018-02-13 13:19:03 with id 688984: 39 added
Retreiving after 2018-02-13 13:19:03 with id 688984: 39 added
Retreiving after 2018-02-13 13:19:03 with id 688984: 43 added
Retreiving after 2018-02-13 13:19:03 with id 688984: 43 added
Retreiving after 2018-02-13 13:19:03 with id 688984: 43 added
Retreiving after 2018-02-13 13:19:03 with id 688984: 43 added
Retreiving after 2018-02-13 13:19:03 with id 688984: 43 added
Retreiving after 2018-02-13 13:19:03 with id 688984: 44 added
Retreiving after 2018-02-13 13:19:03 with id 688984: 44 added
Retreiving after 2018-02-13 13:19:03 with id 688984: 44 added
Retreiving after 2018-02-13 13:19:03 with id 688984: 44 added
Retreiving after 2018-02-13 13:19:03 with id 688984: 44 added
Retreiving after 2018-02-13 15:49:41 with id 694906: 78 added
Retreiving after 2018-02-14 06:27:00 with id 720793: 69 added
Retreiving after 2018-02-14 09:09:09 with id 723531: 18 added
Retreiving after 2018-02-14 09:52:44 with id 724828: 26 added
Retreiving after 2018-02-14 11:04:00 with id 727110: 111 added
Retreiving after 2018-02-14 15:58:05 with id 740369: 72 added
Retreiving after 2018-02-15 06:11:28 with id 767068: 210 added
Retreiving after 2018-02-15 15:29:00 with id 781315: 122 added
Retreiving after 2018-02-16 07:52:00 with id 813845: 39 added
Retreiving after 2018-02-16 09:14:09 with id 815535: 121 added
Retreiving after 2018-02-16 13:58:43 with id 826348: 15 added
Retreiving after 2018-02-16 15:28:00 with id 827892: 27 added
Retreiving after 2018-02-16 18:22:00 with id 841656: 7 added
Retreiving after 2018-02-16 20:28:00 with id 849391: 97 added
Retreiving after 2018-02-17 15:00:00 with id 870363: 166 added
Retreiving after 2018-02-19 06:28:02 with id 901214: 85 added
Retreiving after 2018-02-19 09:44:31 with id 905265: 18 added
Retreiving after 2018-02-19 10:32:19 with id 906722: 60 added
Retreiving after 2018-02-19 12:54:33 with id 911946: 16 added
Retreiving after 2018-02-19 13:35:00 with id 913964: 205 added
Retreiving after 2018-02-20 09:30:00 with id 948936: 94 added
Retreiving after 2018-02-20 12:54:52 with id 960358: 169 added
Retreiving after 2018-02-21 08:15:00 with id 996749: 14 added
Retreiving after 2018-02-21 10:15:00 with id 997651: 72 added
Retreiving after 2018-02-21 12:48:53 with id 1005855: 36 added
Retreiving after 2018-02-21 14:09:09 with id 1009742: 116 added
Retreiving after 2018-02-22 07:30:00 with id 1043796: 11 added
Retreiving after 2018-02-22 07:57:13 with id 1045791: 182 added
Retreiving after 2018-02-23 06:05:00 with id 1066468: 556 added
Retreiving after 2018-02-26 15:57:35 with id 1164872: 23 added
Retreiving after 2018-02-26 19:05:01 with id 1175161: 59 added
Retreiving after 2018-02-27 06:30:46 with id 1193508: 20 added
Retreiving after 2018-02-27 07:14:35 with id 1194022: 46 added
Retreiving after 2018-02-27 08:49:00 with id 1195939: 303 added
Retreiving after 2018-02-28 07:44:00 with id 1245650: 132 added
Retreiving after 2018-02-28 12:28:11 with id 1254670: 107 added
Retreiving after 2018-02-28 20:55:00 with id 1279295: 73 added
Retreiving after 2018-03-01 07:37:38 with id 1290833: 44 added
Retreiving after 2018-03-01 09:17:00 with id 1292744: 152 added
Retreiving after 2018-03-01 15:20:00 with id 1304680: 25 added
Retreiving after 2018-03-01 17:42:45 with id 1315274: 58 added
Retreiving after 2018-03-02 06:24:45 with id 1337596: 123 added
Retreiving after 2018-03-02 11:58:26 with id 1345542: 63 added
Retreiving after 2018-03-02 15:19:00 with id 1351871: Nothing new
Retreiving after 2018-03-02 15:19:00 with id 1351871: 161 added
Retreiving after 2018-03-03 19:46:00 with id 1396462: 161 added
Retreiving after 2018-03-05 06:34:12 with id 1421548: 461 added
Retreiving after 2018-03-06 12:13:00 with id 1480800: 174 added
Retreiving after 2018-03-07 06:47:00 with id 1519956: 42 added
Retreiving after 2018-03-07 08:21:11 with id 1521367: 145 added
Retreiving after 2018-03-07 15:18:00 with id 1534439: 479 added
Retreiving after 2018-03-12 07:35:00 with id 1626230: 74 added
Retreiving after 2018-03-12 09:59:00 with id 1629566: 240 added
Retreiving after 2018-03-13 07:19:30 with id 1673473: 342 added
Retreiving after 2018-03-14 07:44:14 with id 1721846: 109 added
Retreiving after 2018-03-14 12:26:00 with id 1729457: 164 added
Retreiving after 2018-03-15 06:27:00 with id 1765885: 79 added
Retreiving after 2018-03-15 09:49:31 with id 1769638: 68 added
Retreiving after 2018-03-15 12:33:15 with id 1774994: 62 added
Retreiving after 2018-03-15 15:11:02 with id 1781718: 1224 added
Retreiving after 2018-03-20 13:37:28 with id 1962496: 18 added
Retreiving after 2018-03-20 14:53:22 with id 1965856: 114 added
Retreiving after 2018-03-21 07:13:06 with id 1997755: 398 added
Retreiving after 2018-03-22 09:28:00 with id 2043592: 38 added
Retreiving after 2018-03-22 11:07:47 with id 2047023: Retreiving after 2018-03-22 11:07:47 with id 2047023: Retreiving after 2018-03-22 11:07:47 with id 2047023: 307 added
Retreiving after 2018-03-23 10:37:20 with id 2067534: 1807 added
Retreiving after 2018-03-30 07:48:38 with id 2356584: 3187 added
Retreiving after 2018-04-12 06:05:10 with id 2849853: 3328 added
Retreiving after 2018-04-25 04:58:00 with id 3350410: 31 added
Retreiving after 2018-04-25 07:17:26 with id 3351319: Nothing new
Retreiving after 2018-04-25 07:17:26 with id 3351319: 262 added
Retreiving after 2018-04-25 21:26:00 with id 3389485: 40 added
Retreiving after 2018-04-26 06:06:00 with id 3398619: 850 added
Retreiving after 2018-04-28 17:01:00 with id 3514573: 102 added
Retreiving after 2018-04-29 15:57:00 with id 3546202: Nothing new
Retreiving after 2018-04-29 15:57:00 with id 3546202: Nothing new
Retreiving after 2018-04-29 15:57:00 with id 3546202: Nothing new
Retreiving after 2018-04-29 15:57:00 with id 3546202: Nothing new
Retreiving after 2018-04-29 15:57:00 with id 3546202: Nothing new
Retreiving after 2018-04-29 15:57:00 with id 3546202: Nothing new
Retreiving after 2018-04-29 15:57:00 with id 3546202: Nothing new
Retreiving after 2018-04-29 15:57:00 with id 3546202: Nothing new
Retreiving after 2018-04-29 15:57:00 with id 3546202: Nothing new
Retreiving after 2018-04-29 15:57:00 with id 3546202: Nothing new
Retreiving after 2018-04-29 15:57:00 with id 3546202: Nothing new
Retreiving after 2018-04-29 15:57:00 with id 3546202: Nothing new
Retreiving after 2018-04-29 15:57:00 with id 3546202: Nothing new
Retreiving after 2018-04-29 15:57:00 with id 3546202: Retreiving after 2018-04-29 15:57:00 with id 3546202: Retreiving after 2018-04-29 15:57:00 with id 3546202: Nothing new
Retreiving after 2018-04-29 15:57:00 with id 3546202: Nothing new
Retreiving after 2018-04-29 15:57:00 with id 3546202: Nothing new
Retreiving after 2018-04-29 15:57:00 with id 3546202: Nothing new
Retreiving after 2018-04-29 15:57:00 with id 3546202: Nothing new
